  Game.cpp
C:\Users\roman\Documents\team4_repository\Klondike Solitaire\DX SDK\Include\dxgitype.h(12,1): warning C4005: DXGI_STATUS_OCCLUDED: изменение макроопределения
C:\Program Files (x86)\Windows Kits\10\Include\10.0.18362.0\shared\winerror.h(55840): message : см. предыдущее определение "DXGI_STATUS_OCCLUDED"
C:\Users\roman\Documents\team4_repository\Klondike Solitaire\DX SDK\Include\dxgitype.h(13,1): warning C4005: DXGI_STATUS_CLIPPED: изменение макроопределения
C:\Program Files (x86)\Windows Kits\10\Include\10.0.18362.0\shared\winerror.h(55849): message : см. предыдущее определение "DXGI_STATUS_CLIPPED"
C:\Users\roman\Documents\team4_repository\Klondike Solitaire\DX SDK\Include\dxgitype.h(14,1): warning C4005: DXGI_STATUS_NO_REDIRECTION: изменение макроопределения
C:\Program Files (x86)\Windows Kits\10\Include\10.0.18362.0\shared\winerror.h(55858): message : см. предыдущее определение "DXGI_STATUS_NO_REDIRECTION"
C:\Users\roman\Documents\team4_repository\Klondike Solitaire\DX SDK\Include\dxgitype.h(15,1): warning C4005: DXGI_STATUS_NO_DESKTOP_ACCESS: изменение макроопределения
C:\Program Files (x86)\Windows Kits\10\Include\10.0.18362.0\shared\winerror.h(55867): message : см. предыдущее определение "DXGI_STATUS_NO_DESKTOP_ACCESS"
C:\Users\roman\Documents\team4_repository\Klondike Solitaire\DX SDK\Include\dxgitype.h(16,1): warning C4005: DXGI_STATUS_GRAPHICS_VIDPN_SOURCE_IN_USE: изменение макроопределения
C:\Program Files (x86)\Windows Kits\10\Include\10.0.18362.0\shared\winerror.h(55876): message : см. предыдущее определение "DXGI_STATUS_GRAPHICS_VIDPN_SOURCE_IN_USE"
C:\Users\roman\Documents\team4_repository\Klondike Solitaire\DX SDK\Include\dxgitype.h(17,1): warning C4005: DXGI_STATUS_MODE_CHANGED: изменение макроопределения
C:\Program Files (x86)\Windows Kits\10\Include\10.0.18362.0\shared\winerror.h(55885): message : см. предыдущее определение "DXGI_STATUS_MODE_CHANGED"
C:\Users\roman\Documents\team4_repository\Klondike Solitaire\DX SDK\Include\dxgitype.h(18,1): warning C4005: DXGI_STATUS_MODE_CHANGE_IN_PROGRESS: изменение макроопределения
C:\Program Files (x86)\Windows Kits\10\Include\10.0.18362.0\shared\winerror.h(55894): message : см. предыдущее определение "DXGI_STATUS_MODE_CHANGE_IN_PROGRESS"
C:\Users\roman\Documents\team4_repository\Klondike Solitaire\DX SDK\Include\dxgitype.h(21,1): warning C4005: DXGI_ERROR_INVALID_CALL: изменение макроопределения
C:\Program Files (x86)\Windows Kits\10\Include\10.0.18362.0\shared\winerror.h(55909): message : см. предыдущее определение "DXGI_ERROR_INVALID_CALL"
C:\Users\roman\Documents\team4_repository\Klondike Solitaire\DX SDK\Include\dxgitype.h(22,1): warning C4005: DXGI_ERROR_NOT_FOUND: изменение макроопределения
C:\Program Files (x86)\Windows Kits\10\Include\10.0.18362.0\shared\winerror.h(55918): message : см. предыдущее определение "DXGI_ERROR_NOT_FOUND"
C:\Users\roman\Documents\team4_repository\Klondike Solitaire\DX SDK\Include\dxgitype.h(23,1): warning C4005: DXGI_ERROR_MORE_DATA: изменение макроопределения
C:\Program Files (x86)\Windows Kits\10\Include\10.0.18362.0\shared\winerror.h(55927): message : см. предыдущее определение "DXGI_ERROR_MORE_DATA"
C:\Users\roman\Documents\team4_repository\Klondike Solitaire\DX SDK\Include\dxgitype.h(24,1): warning C4005: DXGI_ERROR_UNSUPPORTED: изменение макроопределения
C:\Program Files (x86)\Windows Kits\10\Include\10.0.18362.0\shared\winerror.h(55936): message : см. предыдущее определение "DXGI_ERROR_UNSUPPORTED"
C:\Users\roman\Documents\team4_repository\Klondike Solitaire\DX SDK\Include\dxgitype.h(25,1): warning C4005: DXGI_ERROR_DEVICE_REMOVED: изменение макроопределения
C:\Program Files (x86)\Windows Kits\10\Include\10.0.18362.0\shared\winerror.h(55945): message : см. предыдущее определение "DXGI_ERROR_DEVICE_REMOVED"
C:\Users\roman\Documents\team4_repository\Klondike Solitaire\DX SDK\Include\dxgitype.h(26,1): warning C4005: DXGI_ERROR_DEVICE_HUNG: изменение макроопределения
C:\Program Files (x86)\Windows Kits\10\Include\10.0.18362.0\shared\winerror.h(55954): message : см. предыдущее определение "DXGI_ERROR_DEVICE_HUNG"
C:\Users\roman\Documents\team4_repository\Klondike Solitaire\DX SDK\Include\dxgitype.h(27,1): warning C4005: DXGI_ERROR_DEVICE_RESET: изменение макроопределения
C:\Program Files (x86)\Windows Kits\10\Include\10.0.18362.0\shared\winerror.h(55964): message : см. предыдущее определение "DXGI_ERROR_DEVICE_RESET"
C:\Users\roman\Documents\team4_repository\Klondike Solitaire\DX SDK\Include\dxgitype.h(28,1): warning C4005: DXGI_ERROR_WAS_STILL_DRAWING: изменение макроопределения
C:\Program Files (x86)\Windows Kits\10\Include\10.0.18362.0\shared\winerror.h(55973): message : см. предыдущее определение "DXGI_ERROR_WAS_STILL_DRAWING"
C:\Users\roman\Documents\team4_repository\Klondike Solitaire\DX SDK\Include\dxgitype.h(29,1): warning C4005: DXGI_ERROR_FRAME_STATISTICS_DISJOINT: изменение макроопределения
C:\Program Files (x86)\Windows Kits\10\Include\10.0.18362.0\shared\winerror.h(55983): message : см. предыдущее определение "DXGI_ERROR_FRAME_STATISTICS_DISJOINT"
C:\Users\roman\Documents\team4_repository\Klondike Solitaire\DX SDK\Include\dxgitype.h(30,1): warning C4005: DXGI_ERROR_GRAPHICS_VIDPN_SOURCE_IN_USE: изменение макроопределения
C:\Program Files (x86)\Windows Kits\10\Include\10.0.18362.0\shared\winerror.h(55992): message : см. предыдущее определение "DXGI_ERROR_GRAPHICS_VIDPN_SOURCE_IN_USE"
C:\Users\roman\Documents\team4_repository\Klondike Solitaire\DX SDK\Include\dxgitype.h(31,1): warning C4005: DXGI_ERROR_DRIVER_INTERNAL_ERROR: изменение макроопределения
C:\Program Files (x86)\Windows Kits\10\Include\10.0.18362.0\shared\winerror.h(56002): message : см. предыдущее определение "DXGI_ERROR_DRIVER_INTERNAL_ERROR"
C:\Users\roman\Documents\team4_repository\Klondike Solitaire\DX SDK\Include\dxgitype.h(32,1): warning C4005: DXGI_ERROR_NONEXCLUSIVE: изменение макроопределения
C:\Program Files (x86)\Windows Kits\10\Include\10.0.18362.0\shared\winerror.h(56011): message : см. предыдущее определение "DXGI_ERROR_NONEXCLUSIVE"
C:\Users\roman\Documents\team4_repository\Klondike Solitaire\DX SDK\Include\dxgitype.h(33,1): warning C4005: DXGI_ERROR_NOT_CURRENTLY_AVAILABLE: изменение макроопределения
C:\Program Files (x86)\Windows Kits\10\Include\10.0.18362.0\shared\winerror.h(56020): message : см. предыдущее определение "DXGI_ERROR_NOT_CURRENTLY_AVAILABLE"
C:\Users\roman\Documents\team4_repository\Klondike Solitaire\DX SDK\Include\dxgitype.h(34,1): warning C4005: DXGI_ERROR_REMOTE_CLIENT_DISCONNECTED: изменение макроопределения
C:\Program Files (x86)\Windows Kits\10\Include\10.0.18362.0\shared\winerror.h(56030): message : см. предыдущее определение "DXGI_ERROR_REMOTE_CLIENT_DISCONNECTED"
C:\Users\roman\Documents\team4_repository\Klondike Solitaire\DX SDK\Include\dxgitype.h(35,1): warning C4005: DXGI_ERROR_REMOTE_OUTOFMEMORY: изменение макроопределения
C:\Program Files (x86)\Windows Kits\10\Include\10.0.18362.0\shared\winerror.h(56039): message : см. предыдущее определение "DXGI_ERROR_REMOTE_OUTOFMEMORY"
C:\Users\roman\Documents\team4_repository\Klondike Solitaire\DX SDK\Include\d3d10.h(608,1): warning C4005: D3D10_ERROR_TOO_MANY_UNIQUE_STATE_OBJECTS: изменение макроопределения
C:\Program Files (x86)\Windows Kits\10\Include\10.0.18362.0\shared\winerror.h(56279): message : см. предыдущее определение "D3D10_ERROR_TOO_MANY_UNIQUE_STATE_OBJECTS"
C:\Users\roman\Documents\team4_repository\Klondike Solitaire\DX SDK\Include\d3d10.h(609,1): warning C4005: D3D10_ERROR_FILE_NOT_FOUND: изменение макроопределения
C:\Program Files (x86)\Windows Kits\10\Include\10.0.18362.0\shared\winerror.h(56288): message : см. предыдущее определение "D3D10_ERROR_FILE_NOT_FOUND"
  Video.cpp
C:\Users\roman\Documents\team4_repository\Klondike Solitaire\DX SDK\Include\dxgitype.h(12,1): warning C4005: DXGI_STATUS_OCCLUDED: изменение макроопределения
C:\Program Files (x86)\Windows Kits\10\Include\10.0.18362.0\shared\winerror.h(55840): message : см. предыдущее определение "DXGI_STATUS_OCCLUDED"
C:\Users\roman\Documents\team4_repository\Klondike Solitaire\DX SDK\Include\dxgitype.h(13,1): warning C4005: DXGI_STATUS_CLIPPED: изменение макроопределения
C:\Program Files (x86)\Windows Kits\10\Include\10.0.18362.0\shared\winerror.h(55849): message : см. предыдущее определение "DXGI_STATUS_CLIPPED"
C:\Users\roman\Documents\team4_repository\Klondike Solitaire\DX SDK\Include\dxgitype.h(14,1): warning C4005: DXGI_STATUS_NO_REDIRECTION: изменение макроопределения
C:\Program Files (x86)\Windows Kits\10\Include\10.0.18362.0\shared\winerror.h(55858): message : см. предыдущее определение "DXGI_STATUS_NO_REDIRECTION"
C:\Users\roman\Documents\team4_repository\Klondike Solitaire\DX SDK\Include\dxgitype.h(15,1): warning C4005: DXGI_STATUS_NO_DESKTOP_ACCESS: изменение макроопределения
C:\Program Files (x86)\Windows Kits\10\Include\10.0.18362.0\shared\winerror.h(55867): message : см. предыдущее определение "DXGI_STATUS_NO_DESKTOP_ACCESS"
C:\Users\roman\Documents\team4_repository\Klondike Solitaire\DX SDK\Include\dxgitype.h(16,1): warning C4005: DXGI_STATUS_GRAPHICS_VIDPN_SOURCE_IN_USE: изменение макроопределения
C:\Program Files (x86)\Windows Kits\10\Include\10.0.18362.0\shared\winerror.h(55876): message : см. предыдущее определение "DXGI_STATUS_GRAPHICS_VIDPN_SOURCE_IN_USE"
C:\Users\roman\Documents\team4_repository\Klondike Solitaire\DX SDK\Include\dxgitype.h(17,1): warning C4005: DXGI_STATUS_MODE_CHANGED: изменение макроопределения
C:\Program Files (x86)\Windows Kits\10\Include\10.0.18362.0\shared\winerror.h(55885): message : см. предыдущее определение "DXGI_STATUS_MODE_CHANGED"
C:\Users\roman\Documents\team4_repository\Klondike Solitaire\DX SDK\Include\dxgitype.h(18,1): warning C4005: DXGI_STATUS_MODE_CHANGE_IN_PROGRESS: изменение макроопределения
C:\Program Files (x86)\Windows Kits\10\Include\10.0.18362.0\shared\winerror.h(55894): message : см. предыдущее определение "DXGI_STATUS_MODE_CHANGE_IN_PROGRESS"
C:\Users\roman\Documents\team4_repository\Klondike Solitaire\DX SDK\Include\dxgitype.h(21,1): warning C4005: DXGI_ERROR_INVALID_CALL: изменение макроопределения
C:\Program Files (x86)\Windows Kits\10\Include\10.0.18362.0\shared\winerror.h(55909): message : см. предыдущее определение "DXGI_ERROR_INVALID_CALL"
C:\Users\roman\Documents\team4_repository\Klondike Solitaire\DX SDK\Include\dxgitype.h(22,1): warning C4005: DXGI_ERROR_NOT_FOUND: изменение макроопределения
C:\Program Files (x86)\Windows Kits\10\Include\10.0.18362.0\shared\winerror.h(55918): message : см. предыдущее определение "DXGI_ERROR_NOT_FOUND"
C:\Users\roman\Documents\team4_repository\Klondike Solitaire\DX SDK\Include\dxgitype.h(23,1): warning C4005: DXGI_ERROR_MORE_DATA: изменение макроопределения
C:\Program Files (x86)\Windows Kits\10\Include\10.0.18362.0\shared\winerror.h(55927): message : см. предыдущее определение "DXGI_ERROR_MORE_DATA"
C:\Users\roman\Documents\team4_repository\Klondike Solitaire\DX SDK\Include\dxgitype.h(24,1): warning C4005: DXGI_ERROR_UNSUPPORTED: изменение макроопределения
C:\Program Files (x86)\Windows Kits\10\Include\10.0.18362.0\shared\winerror.h(55936): message : см. предыдущее определение "DXGI_ERROR_UNSUPPORTED"
C:\Users\roman\Documents\team4_repository\Klondike Solitaire\DX SDK\Include\dxgitype.h(25,1): warning C4005: DXGI_ERROR_DEVICE_REMOVED: изменение макроопределения
C:\Program Files (x86)\Windows Kits\10\Include\10.0.18362.0\shared\winerror.h(55945): message : см. предыдущее определение "DXGI_ERROR_DEVICE_REMOVED"
C:\Users\roman\Documents\team4_repository\Klondike Solitaire\DX SDK\Include\dxgitype.h(26,1): warning C4005: DXGI_ERROR_DEVICE_HUNG: изменение макроопределения
C:\Program Files (x86)\Windows Kits\10\Include\10.0.18362.0\shared\winerror.h(55954): message : см. предыдущее определение "DXGI_ERROR_DEVICE_HUNG"
C:\Users\roman\Documents\team4_repository\Klondike Solitaire\DX SDK\Include\dxgitype.h(27,1): warning C4005: DXGI_ERROR_DEVICE_RESET: изменение макроопределения
C:\Program Files (x86)\Windows Kits\10\Include\10.0.18362.0\shared\winerror.h(55964): message : см. предыдущее определение "DXGI_ERROR_DEVICE_RESET"
C:\Users\roman\Documents\team4_repository\Klondike Solitaire\DX SDK\Include\dxgitype.h(28,1): warning C4005: DXGI_ERROR_WAS_STILL_DRAWING: изменение макроопределения
C:\Program Files (x86)\Windows Kits\10\Include\10.0.18362.0\shared\winerror.h(55973): message : см. предыдущее определение "DXGI_ERROR_WAS_STILL_DRAWING"
C:\Users\roman\Documents\team4_repository\Klondike Solitaire\DX SDK\Include\dxgitype.h(29,1): warning C4005: DXGI_ERROR_FRAME_STATISTICS_DISJOINT: изменение макроопределения
C:\Program Files (x86)\Windows Kits\10\Include\10.0.18362.0\shared\winerror.h(55983): message : см. предыдущее определение "DXGI_ERROR_FRAME_STATISTICS_DISJOINT"
C:\Users\roman\Documents\team4_repository\Klondike Solitaire\DX SDK\Include\dxgitype.h(30,1): warning C4005: DXGI_ERROR_GRAPHICS_VIDPN_SOURCE_IN_USE: изменение макроопределения
C:\Program Files (x86)\Windows Kits\10\Include\10.0.18362.0\shared\winerror.h(55992): message : см. предыдущее определение "DXGI_ERROR_GRAPHICS_VIDPN_SOURCE_IN_USE"
C:\Users\roman\Documents\team4_repository\Klondike Solitaire\DX SDK\Include\dxgitype.h(31,1): warning C4005: DXGI_ERROR_DRIVER_INTERNAL_ERROR: изменение макроопределения
C:\Program Files (x86)\Windows Kits\10\Include\10.0.18362.0\shared\winerror.h(56002): message : см. предыдущее определение "DXGI_ERROR_DRIVER_INTERNAL_ERROR"
C:\Users\roman\Documents\team4_repository\Klondike Solitaire\DX SDK\Include\dxgitype.h(32,1): warning C4005: DXGI_ERROR_NONEXCLUSIVE: изменение макроопределения
C:\Program Files (x86)\Windows Kits\10\Include\10.0.18362.0\shared\winerror.h(56011): message : см. предыдущее определение "DXGI_ERROR_NONEXCLUSIVE"
C:\Users\roman\Documents\team4_repository\Klondike Solitaire\DX SDK\Include\dxgitype.h(33,1): warning C4005: DXGI_ERROR_NOT_CURRENTLY_AVAILABLE: изменение макроопределения
C:\Program Files (x86)\Windows Kits\10\Include\10.0.18362.0\shared\winerror.h(56020): message : см. предыдущее определение "DXGI_ERROR_NOT_CURRENTLY_AVAILABLE"
C:\Users\roman\Documents\team4_repository\Klondike Solitaire\DX SDK\Include\dxgitype.h(34,1): warning C4005: DXGI_ERROR_REMOTE_CLIENT_DISCONNECTED: изменение макроопределения
C:\Program Files (x86)\Windows Kits\10\Include\10.0.18362.0\shared\winerror.h(56030): message : см. предыдущее определение "DXGI_ERROR_REMOTE_CLIENT_DISCONNECTED"
C:\Users\roman\Documents\team4_repository\Klondike Solitaire\DX SDK\Include\dxgitype.h(35,1): warning C4005: DXGI_ERROR_REMOTE_OUTOFMEMORY: изменение макроопределения
C:\Program Files (x86)\Windows Kits\10\Include\10.0.18362.0\shared\winerror.h(56039): message : см. предыдущее определение "DXGI_ERROR_REMOTE_OUTOFMEMORY"
C:\Users\roman\Documents\team4_repository\Klondike Solitaire\DX SDK\Include\d3d10.h(608,1): warning C4005: D3D10_ERROR_TOO_MANY_UNIQUE_STATE_OBJECTS: изменение макроопределения
C:\Program Files (x86)\Windows Kits\10\Include\10.0.18362.0\shared\winerror.h(56279): message : см. предыдущее определение "D3D10_ERROR_TOO_MANY_UNIQUE_STATE_OBJECTS"
C:\Users\roman\Documents\team4_repository\Klondike Solitaire\DX SDK\Include\d3d10.h(609,1): warning C4005: D3D10_ERROR_FILE_NOT_FOUND: изменение макроопределения
C:\Program Files (x86)\Windows Kits\10\Include\10.0.18362.0\shared\winerror.h(56288): message : см. предыдущее определение "D3D10_ERROR_FILE_NOT_FOUND"
  WinMain.cpp
C:\Users\roman\Documents\team4_repository\Klondike Solitaire\DX SDK\Include\dxgitype.h(12,1): warning C4005: DXGI_STATUS_OCCLUDED: изменение макроопределения
C:\Program Files (x86)\Windows Kits\10\Include\10.0.18362.0\shared\winerror.h(55840): message : см. предыдущее определение "DXGI_STATUS_OCCLUDED"
C:\Users\roman\Documents\team4_repository\Klondike Solitaire\DX SDK\Include\dxgitype.h(13,1): warning C4005: DXGI_STATUS_CLIPPED: изменение макроопределения
C:\Program Files (x86)\Windows Kits\10\Include\10.0.18362.0\shared\winerror.h(55849): message : см. предыдущее определение "DXGI_STATUS_CLIPPED"
C:\Users\roman\Documents\team4_repository\Klondike Solitaire\DX SDK\Include\dxgitype.h(14,1): warning C4005: DXGI_STATUS_NO_REDIRECTION: изменение макроопределения
C:\Program Files (x86)\Windows Kits\10\Include\10.0.18362.0\shared\winerror.h(55858): message : см. предыдущее определение "DXGI_STATUS_NO_REDIRECTION"
C:\Users\roman\Documents\team4_repository\Klondike Solitaire\DX SDK\Include\dxgitype.h(15,1): warning C4005: DXGI_STATUS_NO_DESKTOP_ACCESS: изменение макроопределения
C:\Program Files (x86)\Windows Kits\10\Include\10.0.18362.0\shared\winerror.h(55867): message : см. предыдущее определение "DXGI_STATUS_NO_DESKTOP_ACCESS"
C:\Users\roman\Documents\team4_repository\Klondike Solitaire\DX SDK\Include\dxgitype.h(16,1): warning C4005: DXGI_STATUS_GRAPHICS_VIDPN_SOURCE_IN_USE: изменение макроопределения
C:\Program Files (x86)\Windows Kits\10\Include\10.0.18362.0\shared\winerror.h(55876): message : см. предыдущее определение "DXGI_STATUS_GRAPHICS_VIDPN_SOURCE_IN_USE"
C:\Users\roman\Documents\team4_repository\Klondike Solitaire\DX SDK\Include\dxgitype.h(17,1): warning C4005: DXGI_STATUS_MODE_CHANGED: изменение макроопределения
C:\Program Files (x86)\Windows Kits\10\Include\10.0.18362.0\shared\winerror.h(55885): message : см. предыдущее определение "DXGI_STATUS_MODE_CHANGED"
C:\Users\roman\Documents\team4_repository\Klondike Solitaire\DX SDK\Include\dxgitype.h(18,1): warning C4005: DXGI_STATUS_MODE_CHANGE_IN_PROGRESS: изменение макроопределения
C:\Program Files (x86)\Windows Kits\10\Include\10.0.18362.0\shared\winerror.h(55894): message : см. предыдущее определение "DXGI_STATUS_MODE_CHANGE_IN_PROGRESS"
C:\Users\roman\Documents\team4_repository\Klondike Solitaire\DX SDK\Include\dxgitype.h(21,1): warning C4005: DXGI_ERROR_INVALID_CALL: изменение макроопределения
C:\Program Files (x86)\Windows Kits\10\Include\10.0.18362.0\shared\winerror.h(55909): message : см. предыдущее определение "DXGI_ERROR_INVALID_CALL"
C:\Users\roman\Documents\team4_repository\Klondike Solitaire\DX SDK\Include\dxgitype.h(22,1): warning C4005: DXGI_ERROR_NOT_FOUND: изменение макроопределения
C:\Program Files (x86)\Windows Kits\10\Include\10.0.18362.0\shared\winerror.h(55918): message : см. предыдущее определение "DXGI_ERROR_NOT_FOUND"
C:\Users\roman\Documents\team4_repository\Klondike Solitaire\DX SDK\Include\dxgitype.h(23,1): warning C4005: DXGI_ERROR_MORE_DATA: изменение макроопределения
C:\Program Files (x86)\Windows Kits\10\Include\10.0.18362.0\shared\winerror.h(55927): message : см. предыдущее определение "DXGI_ERROR_MORE_DATA"
C:\Users\roman\Documents\team4_repository\Klondike Solitaire\DX SDK\Include\dxgitype.h(24,1): warning C4005: DXGI_ERROR_UNSUPPORTED: изменение макроопределения
C:\Program Files (x86)\Windows Kits\10\Include\10.0.18362.0\shared\winerror.h(55936): message : см. предыдущее определение "DXGI_ERROR_UNSUPPORTED"
C:\Users\roman\Documents\team4_repository\Klondike Solitaire\DX SDK\Include\dxgitype.h(25,1): warning C4005: DXGI_ERROR_DEVICE_REMOVED: изменение макроопределения
C:\Program Files (x86)\Windows Kits\10\Include\10.0.18362.0\shared\winerror.h(55945): message : см. предыдущее определение "DXGI_ERROR_DEVICE_REMOVED"
C:\Users\roman\Documents\team4_repository\Klondike Solitaire\DX SDK\Include\dxgitype.h(26,1): warning C4005: DXGI_ERROR_DEVICE_HUNG: изменение макроопределения
C:\Program Files (x86)\Windows Kits\10\Include\10.0.18362.0\shared\winerror.h(55954): message : см. предыдущее определение "DXGI_ERROR_DEVICE_HUNG"
C:\Users\roman\Documents\team4_repository\Klondike Solitaire\DX SDK\Include\dxgitype.h(27,1): warning C4005: DXGI_ERROR_DEVICE_RESET: изменение макроопределения
C:\Program Files (x86)\Windows Kits\10\Include\10.0.18362.0\shared\winerror.h(55964): message : см. предыдущее определение "DXGI_ERROR_DEVICE_RESET"
C:\Users\roman\Documents\team4_repository\Klondike Solitaire\DX SDK\Include\dxgitype.h(28,1): warning C4005: DXGI_ERROR_WAS_STILL_DRAWING: изменение макроопределения
C:\Program Files (x86)\Windows Kits\10\Include\10.0.18362.0\shared\winerror.h(55973): message : см. предыдущее определение "DXGI_ERROR_WAS_STILL_DRAWING"
C:\Users\roman\Documents\team4_repository\Klondike Solitaire\DX SDK\Include\dxgitype.h(29,1): warning C4005: DXGI_ERROR_FRAME_STATISTICS_DISJOINT: изменение макроопределения
C:\Program Files (x86)\Windows Kits\10\Include\10.0.18362.0\shared\winerror.h(55983): message : см. предыдущее определение "DXGI_ERROR_FRAME_STATISTICS_DISJOINT"
C:\Users\roman\Documents\team4_repository\Klondike Solitaire\DX SDK\Include\dxgitype.h(30,1): warning C4005: DXGI_ERROR_GRAPHICS_VIDPN_SOURCE_IN_USE: изменение макроопределения
C:\Program Files (x86)\Windows Kits\10\Include\10.0.18362.0\shared\winerror.h(55992): message : см. предыдущее определение "DXGI_ERROR_GRAPHICS_VIDPN_SOURCE_IN_USE"
C:\Users\roman\Documents\team4_repository\Klondike Solitaire\DX SDK\Include\dxgitype.h(31,1): warning C4005: DXGI_ERROR_DRIVER_INTERNAL_ERROR: изменение макроопределения
C:\Program Files (x86)\Windows Kits\10\Include\10.0.18362.0\shared\winerror.h(56002): message : см. предыдущее определение "DXGI_ERROR_DRIVER_INTERNAL_ERROR"
C:\Users\roman\Documents\team4_repository\Klondike Solitaire\DX SDK\Include\dxgitype.h(32,1): warning C4005: DXGI_ERROR_NONEXCLUSIVE: изменение макроопределения
C:\Program Files (x86)\Windows Kits\10\Include\10.0.18362.0\shared\winerror.h(56011): message : см. предыдущее определение "DXGI_ERROR_NONEXCLUSIVE"
C:\Users\roman\Documents\team4_repository\Klondike Solitaire\DX SDK\Include\dxgitype.h(33,1): warning C4005: DXGI_ERROR_NOT_CURRENTLY_AVAILABLE: изменение макроопределения
C:\Program Files (x86)\Windows Kits\10\Include\10.0.18362.0\shared\winerror.h(56020): message : см. предыдущее определение "DXGI_ERROR_NOT_CURRENTLY_AVAILABLE"
C:\Users\roman\Documents\team4_repository\Klondike Solitaire\DX SDK\Include\dxgitype.h(34,1): warning C4005: DXGI_ERROR_REMOTE_CLIENT_DISCONNECTED: изменение макроопределения
C:\Program Files (x86)\Windows Kits\10\Include\10.0.18362.0\shared\winerror.h(56030): message : см. предыдущее определение "DXGI_ERROR_REMOTE_CLIENT_DISCONNECTED"
C:\Users\roman\Documents\team4_repository\Klondike Solitaire\DX SDK\Include\dxgitype.h(35,1): warning C4005: DXGI_ERROR_REMOTE_OUTOFMEMORY: изменение макроопределения
C:\Program Files (x86)\Windows Kits\10\Include\10.0.18362.0\shared\winerror.h(56039): message : см. предыдущее определение "DXGI_ERROR_REMOTE_OUTOFMEMORY"
C:\Users\roman\Documents\team4_repository\Klondike Solitaire\DX SDK\Include\d3d10.h(608,1): warning C4005: D3D10_ERROR_TOO_MANY_UNIQUE_STATE_OBJECTS: изменение макроопределения
C:\Program Files (x86)\Windows Kits\10\Include\10.0.18362.0\shared\winerror.h(56279): message : см. предыдущее определение "D3D10_ERROR_TOO_MANY_UNIQUE_STATE_OBJECTS"
C:\Users\roman\Documents\team4_repository\Klondike Solitaire\DX SDK\Include\d3d10.h(609,1): warning C4005: D3D10_ERROR_FILE_NOT_FOUND: изменение макроопределения
C:\Program Files (x86)\Windows Kits\10\Include\10.0.18362.0\shared\winerror.h(56288): message : см. предыдущее определение "D3D10_ERROR_FILE_NOT_FOUND"
  Создание кода...
  Klondike Solitaire.vcxproj -> C:\Users\roman\Documents\team4_repository\Klondike Solitaire\Klondike Solitaire\Debug\Klondike Solitaire.exe
